The system is: Linux - 3.11.10-301.fc20.x86_64 - x86_64
Compiling the C compiler identification source file "CMakeCCompilerId.c" succeeded.
Compiler: /usr/bin/clang 
Build flags: 
Id flags: 

The output was:
0


Compilation of the C compiler identification source "CMakeCCompilerId.c" produced "a.out"

The C compiler identification is Clang, found in "/home/z0rg/Projects/persos/ECSess/build/CMakeFiles/3.1.0/CompilerIdC/a.out"

Compiling the CXX compiler identification source file "CMakeCXXCompilerId.cpp" succeeded.
Compiler: /usr/bin/clang++ 
Build flags: -DDEBUG_MODE
Id flags: 

The output was:
0


Compilation of the CXX compiler identification source "CMakeCXXCompilerId.cpp" produced "a.out"

The CXX compiler identification is Clang, found in "/home/z0rg/Projects/persos/ECSess/build/CMakeFiles/3.1.0/CompilerIdCXX/a.out"

Determining if the C compiler works passed with the following output:
Change Dir: /home/z0rg/Projects/persos/ECSess/build/CMakeFiles/CMakeTmp

Run Build Command:"/usr/bin/gmake" "cmTryCompileExec2022914259/fast"
/usr/bin/gmake -f CMakeFiles/cmTryCompileExec2022914259.dir/build.make CMakeFiles/cmTryCompileExec2022914259.dir/build
gmake[1]: Entering directory `/home/z0rg/Projects/persos/ECSess/build/CMakeFiles/CMakeTmp'
/usr/bin/cmake -E cmake_progress_report /home/z0rg/Projects/persos/ECSess/build/CMakeFiles/CMakeTmp/CMakeFiles 1
Building C object CMakeFiles/cmTryCompileExec2022914259.dir/testCCompiler.c.o
/usr/bin/clang    -o CMakeFiles/cmTryCompileExec2022914259.dir/testCCompiler.c.o   -c /home/z0rg/Projects/persos/ECSess/build/CMakeFiles/CMakeTmp/testCCompiler.c
Linking C executable cmTryCompileExec2022914259
/usr/bin/cmake -E cmake_link_script CMakeFiles/cmTryCompileExec2022914259.dir/link.txt --verbose=1
/usr/bin/clang      CMakeFiles/cmTryCompileExec2022914259.dir/testCCompiler.c.o  -o cmTryCompileExec2022914259 -rdynamic 
gmake[1]: Leaving directory `/home/z0rg/Projects/persos/ECSess/build/CMakeFiles/CMakeTmp'


Detecting C compiler ABI info compiled with the following output:
Change Dir: /home/z0rg/Projects/persos/ECSess/build/CMakeFiles/CMakeTmp

Run Build Command:"/usr/bin/gmake" "cmTryCompileExec2772572130/fast"
/usr/bin/gmake -f CMakeFiles/cmTryCompileExec2772572130.dir/build.make CMakeFiles/cmTryCompileExec2772572130.dir/build
gmake[1]: Entering directory `/home/z0rg/Projects/persos/ECSess/build/CMakeFiles/CMakeTmp'
/usr/bin/cmake -E cmake_progress_report /home/z0rg/Projects/persos/ECSess/build/CMakeFiles/CMakeTmp/CMakeFiles 1
Building C object CMakeFiles/cmTryCompileExec2772572130.dir/CMakeCCompilerABI.c.o
/usr/bin/clang    -o CMakeFiles/cmTryCompileExec2772572130.dir/CMakeCCompilerABI.c.o   -c /usr/share/cmake-3.1/Modules/CMakeCCompilerABI.c
Linking C executable cmTryCompileExec2772572130
/usr/bin/cmake -E cmake_link_script CMakeFiles/cmTryCompileExec2772572130.dir/link.txt --verbose=1
/usr/bin/clang     -v CMakeFiles/cmTryCompileExec2772572130.dir/CMakeCCompilerABI.c.o  -o cmTryCompileExec2772572130 -rdynamic  
clang version 3.5.1 (tags/RELEASE_351/rc2)
Target: x86_64-unknown-linux-gnu
Thread model: posix
Found candidate GCC installation: /usr/bin/../lib/gcc/x86_64-redhat-linux/4.8.3
Found candidate GCC installation: /usr/lib/gcc/x86_64-redhat-linux/4.8.3
Selected GCC installation: /usr/bin/../lib/gcc/x86_64-redhat-linux/4.8.3
Candidate multilib: .;@m64
Candidate multilib: 32;@m32
Selected multilib: .;@m64
 "/usr/bin/ld" -export-dynamic --hash-style=gnu --no-add-needed --build-id --eh-frame-hdr -m elf_x86_64 -dynamic-linker /lib64/ld-linux-x86-64.so.2 -o cmTryCompileExec2772572130 /usr/bin/../lib/gcc/x86_64-redhat-linux/4.8.3/../../../../lib64/crt1.o /usr/bin/../lib/gcc/x86_64-redhat-linux/4.8.3/../../../../lib64/crti.o /usr/bin/../lib/gcc/x86_64-redhat-linux/4.8.3/crtbegin.o -L/usr/bin/../lib/gcc/x86_64-redhat-linux/4.8.3 -L/usr/bin/../lib/gcc/x86_64-redhat-linux/4.8.3/../../../../lib64 -L/usr/bin/../lib64 -L/lib/../lib64 -L/usr/lib/../lib64 -L/usr/bin/../lib/gcc/x86_64-redhat-linux/4.8.3/../../.. -L/usr/bin/../lib -L/lib -L/usr/lib CMakeFiles/cmTryCompileExec2772572130.dir/CMakeCCompilerABI.c.o -lgcc --as-needed -lgcc_s --no-as-needed -lc -lgcc --as-needed -lgcc_s --no-as-needed /usr/bin/../lib/gcc/x86_64-redhat-linux/4.8.3/crtend.o /usr/bin/../lib/gcc/x86_64-redhat-linux/4.8.3/../../../../lib64/crtn.o
gmake[1]: Leaving directory `/home/z0rg/Projects/persos/ECSess/build/CMakeFiles/CMakeTmp'


Parsed C implicit link information from above output:
  link line regex: [^( *|.*[/\])(ld|([^/\]+-)?ld|collect2)[^/\]*( |$)]
  ignore line: [Change Dir: /home/z0rg/Projects/persos/ECSess/build/CMakeFiles/CMakeTmp]
  ignore line: []
  ignore line: [Run Build Command:"/usr/bin/gmake" "cmTryCompileExec2772572130/fast"]
  ignore line: [/usr/bin/gmake -f CMakeFiles/cmTryCompileExec2772572130.dir/build.make CMakeFiles/cmTryCompileExec2772572130.dir/build]
  ignore line: [gmake[1]: Entering directory `/home/z0rg/Projects/persos/ECSess/build/CMakeFiles/CMakeTmp']
  ignore line: [/usr/bin/cmake -E cmake_progress_report /home/z0rg/Projects/persos/ECSess/build/CMakeFiles/CMakeTmp/CMakeFiles 1]
  ignore line: [Building C object CMakeFiles/cmTryCompileExec2772572130.dir/CMakeCCompilerABI.c.o]
  ignore line: [/usr/bin/clang    -o CMakeFiles/cmTryCompileExec2772572130.dir/CMakeCCompilerABI.c.o   -c /usr/share/cmake-3.1/Modules/CMakeCCompilerABI.c]
  ignore line: [Linking C executable cmTryCompileExec2772572130]
  ignore line: [/usr/bin/cmake -E cmake_link_script CMakeFiles/cmTryCompileExec2772572130.dir/link.txt --verbose=1]
  ignore line: [/usr/bin/clang     -v CMakeFiles/cmTryCompileExec2772572130.dir/CMakeCCompilerABI.c.o  -o cmTryCompileExec2772572130 -rdynamic  ]
  ignore line: [clang version 3.5.1 (tags/RELEASE_351/rc2)]
  ignore line: [Target: x86_64-unknown-linux-gnu]
  ignore line: [Thread model: posix]
  ignore line: [Found candidate GCC installation: /usr/bin/../lib/gcc/x86_64-redhat-linux/4.8.3]
  ignore line: [Found candidate GCC installation: /usr/lib/gcc/x86_64-redhat-linux/4.8.3]
  ignore line: [Selected GCC installation: /usr/bin/../lib/gcc/x86_64-redhat-linux/4.8.3]
  ignore line: [Candidate multilib: .]
  ignore line: [@m64]
  ignore line: [Candidate multilib: 32]
  ignore line: [@m32]
  ignore line: [Selected multilib: .]
  ignore line: [@m64]
  link line: [ "/usr/bin/ld" -export-dynamic --hash-style=gnu --no-add-needed --build-id --eh-frame-hdr -m elf_x86_64 -dynamic-linker /lib64/ld-linux-x86-64.so.2 -o cmTryCompileExec2772572130 /usr/bin/../lib/gcc/x86_64-redhat-linux/4.8.3/../../../../lib64/crt1.o /usr/bin/../lib/gcc/x86_64-redhat-linux/4.8.3/../../../../lib64/crti.o /usr/bin/../lib/gcc/x86_64-redhat-linux/4.8.3/crtbegin.o -L/usr/bin/../lib/gcc/x86_64-redhat-linux/4.8.3 -L/usr/bin/../lib/gcc/x86_64-redhat-linux/4.8.3/../../../../lib64 -L/usr/bin/../lib64 -L/lib/../lib64 -L/usr/lib/../lib64 -L/usr/bin/../lib/gcc/x86_64-redhat-linux/4.8.3/../../.. -L/usr/bin/../lib -L/lib -L/usr/lib CMakeFiles/cmTryCompileExec2772572130.dir/CMakeCCompilerABI.c.o -lgcc --as-needed -lgcc_s --no-as-needed -lc -lgcc --as-needed -lgcc_s --no-as-needed /usr/bin/../lib/gcc/x86_64-redhat-linux/4.8.3/crtend.o /usr/bin/../lib/gcc/x86_64-redhat-linux/4.8.3/../../../../lib64/crtn.o]
    arg [/usr/bin/ld] ==> ignore
    arg [-export-dynamic] ==> ignore
    arg [--hash-style=gnu] ==> ignore
    arg [--no-add-needed] ==> ignore
    arg [--build-id] ==> ignore
    arg [--eh-frame-hdr] ==> ignore
    arg [-m] ==> ignore
    arg [elf_x86_64] ==> ignore
    arg [-dynamic-linker] ==> ignore
    arg [/lib64/ld-linux-x86-64.so.2] ==> ignore
    arg [-o] ==> ignore
    arg [cmTryCompileExec2772572130] ==> ignore
    arg [/usr/bin/../lib/gcc/x86_64-redhat-linux/4.8.3/../../../../lib64/crt1.o] ==> ignore
    arg [/usr/bin/../lib/gcc/x86_64-redhat-linux/4.8.3/../../../../lib64/crti.o] ==> ignore
    arg [/usr/bin/../lib/gcc/x86_64-redhat-linux/4.8.3/crtbegin.o] ==> ignore
    arg [-L/usr/bin/../lib/gcc/x86_64-redhat-linux/4.8.3] ==> dir [/usr/bin/../lib/gcc/x86_64-redhat-linux/4.8.3]
    arg [-L/usr/bin/../lib/gcc/x86_64-redhat-linux/4.8.3/../../../../lib64] ==> dir [/usr/bin/../lib/gcc/x86_64-redhat-linux/4.8.3/../../../../lib64]
    arg [-L/usr/bin/../lib64] ==> dir [/usr/bin/../lib64]
    arg [-L/lib/../lib64] ==> dir [/lib/../lib64]
    arg [-L/usr/lib/../lib64] ==> dir [/usr/lib/../lib64]
    arg [-L/usr/bin/../lib/gcc/x86_64-redhat-linux/4.8.3/../../..] ==> dir [/usr/bin/../lib/gcc/x86_64-redhat-linux/4.8.3/../../..]
    arg [-L/usr/bin/../lib] ==> dir [/usr/bin/../lib]
    arg [-L/lib] ==> dir [/lib]
    arg [-L/usr/lib] ==> dir [/usr/lib]
    arg [CMakeFiles/cmTryCompileExec2772572130.dir/CMakeCCompilerABI.c.o] ==> ignore
    arg [-lgcc] ==> lib [gcc]
    arg [--as-needed] ==> ignore
    arg [-lgcc_s] ==> lib [gcc_s]
    arg [--no-as-needed] ==> ignore
    arg [-lc] ==> lib [c]
    arg [-lgcc] ==> lib [gcc]
    arg [--as-needed] ==> ignore
    arg [-lgcc_s] ==> lib [gcc_s]
    arg [--no-as-needed] ==> ignore
    arg [/usr/bin/../lib/gcc/x86_64-redhat-linux/4.8.3/crtend.o] ==> ignore
    arg [/usr/bin/../lib/gcc/x86_64-redhat-linux/4.8.3/../../../../lib64/crtn.o] ==> ignore
  remove lib [gcc]
  remove lib [gcc_s]
  remove lib [gcc]
  remove lib [gcc_s]
  collapse library dir [/usr/bin/../lib/gcc/x86_64-redhat-linux/4.8.3] ==> [/usr/lib/gcc/x86_64-redhat-linux/4.8.3]
  collapse library dir [/usr/bin/../lib/gcc/x86_64-redhat-linux/4.8.3/../../../../lib64] ==> [/usr/lib64]
  collapse library dir [/usr/bin/../lib64] ==> [/usr/lib64]
  collapse library dir [/lib/../lib64] ==> [/lib64]
  collapse library dir [/usr/lib/../lib64] ==> [/usr/lib64]
  collapse library dir [/usr/bin/../lib/gcc/x86_64-redhat-linux/4.8.3/../../..] ==> [/usr/lib]
  collapse library dir [/usr/bin/../lib] ==> [/usr/lib]
  collapse library dir [/lib] ==> [/lib]
  collapse library dir [/usr/lib] ==> [/usr/lib]
  implicit libs: [c]
  implicit dirs: [/usr/lib/gcc/x86_64-redhat-linux/4.8.3;/usr/lib64;/lib64;/usr/lib;/lib]
  implicit fwks: []




Detecting C [-std=c11] compiler features compiled with the following output:
Change Dir: /home/z0rg/Projects/persos/ECSess/build/CMakeFiles/CMakeTmp

Run Build Command:"/usr/bin/gmake" "cmTryCompileExec1578839942/fast"
/usr/bin/gmake -f CMakeFiles/cmTryCompileExec1578839942.dir/build.make CMakeFiles/cmTryCompileExec1578839942.dir/build
gmake[1]: Entering directory `/home/z0rg/Projects/persos/ECSess/build/CMakeFiles/CMakeTmp'
/usr/bin/cmake -E cmake_progress_report /home/z0rg/Projects/persos/ECSess/build/CMakeFiles/CMakeTmp/CMakeFiles 1
Building C object CMakeFiles/cmTryCompileExec1578839942.dir/feature_tests.c.o
/usr/bin/clang   -std=c11 -o CMakeFiles/cmTryCompileExec1578839942.dir/feature_tests.c.o   -c /home/z0rg/Projects/persos/ECSess/build/CMakeFiles/feature_tests.c
Linking C executable cmTryCompileExec1578839942
/usr/bin/cmake -E cmake_link_script CMakeFiles/cmTryCompileExec1578839942.dir/link.txt --verbose=1
/usr/bin/clang      CMakeFiles/cmTryCompileExec1578839942.dir/feature_tests.c.o  -o cmTryCompileExec1578839942 -rdynamic 
gmake[1]: Leaving directory `/home/z0rg/Projects/persos/ECSess/build/CMakeFiles/CMakeTmp'


    Feature record: C_FEATURE:0c_function_prototypes
    Feature record: C_FEATURE:1c_restrict
    Feature record: C_FEATURE:1c_static_assert
    Feature record: C_FEATURE:1c_variadic_macros


Detecting C [-std=c99] compiler features compiled with the following output:
Change Dir: /home/z0rg/Projects/persos/ECSess/build/CMakeFiles/CMakeTmp

Run Build Command:"/usr/bin/gmake" "cmTryCompileExec1409682791/fast"
/usr/bin/gmake -f CMakeFiles/cmTryCompileExec1409682791.dir/build.make CMakeFiles/cmTryCompileExec1409682791.dir/build
gmake[1]: Entering directory `/home/z0rg/Projects/persos/ECSess/build/CMakeFiles/CMakeTmp'
/usr/bin/cmake -E cmake_progress_report /home/z0rg/Projects/persos/ECSess/build/CMakeFiles/CMakeTmp/CMakeFiles 1
Building C object CMakeFiles/cmTryCompileExec1409682791.dir/feature_tests.c.o
/usr/bin/clang   -std=c99 -o CMakeFiles/cmTryCompileExec1409682791.dir/feature_tests.c.o   -c /home/z0rg/Projects/persos/ECSess/build/CMakeFiles/feature_tests.c
Linking C executable cmTryCompileExec1409682791
/usr/bin/cmake -E cmake_link_script CMakeFiles/cmTryCompileExec1409682791.dir/link.txt --verbose=1
/usr/bin/clang      CMakeFiles/cmTryCompileExec1409682791.dir/feature_tests.c.o  -o cmTryCompileExec1409682791 -rdynamic 
gmake[1]: Leaving directory `/home/z0rg/Projects/persos/ECSess/build/CMakeFiles/CMakeTmp'


    Feature record: C_FEATURE:0c_function_prototypes
    Feature record: C_FEATURE:1c_restrict
    Feature record: C_FEATURE:0c_static_assert
    Feature record: C_FEATURE:1c_variadic_macros


Detecting C [-std=c90] compiler features compiled with the following output:
Change Dir: /home/z0rg/Projects/persos/ECSess/build/CMakeFiles/CMakeTmp

Run Build Command:"/usr/bin/gmake" "cmTryCompileExec1606648355/fast"
/usr/bin/gmake -f CMakeFiles/cmTryCompileExec1606648355.dir/build.make CMakeFiles/cmTryCompileExec1606648355.dir/build
gmake[1]: Entering directory `/home/z0rg/Projects/persos/ECSess/build/CMakeFiles/CMakeTmp'
/usr/bin/cmake -E cmake_progress_report /home/z0rg/Projects/persos/ECSess/build/CMakeFiles/CMakeTmp/CMakeFiles 1
Building C object CMakeFiles/cmTryCompileExec1606648355.dir/feature_tests.c.o
/usr/bin/clang   -std=c90 -o CMakeFiles/cmTryCompileExec1606648355.dir/feature_tests.c.o   -c /home/z0rg/Projects/persos/ECSess/build/CMakeFiles/feature_tests.c
Linking C executable cmTryCompileExec1606648355
/usr/bin/cmake -E cmake_link_script CMakeFiles/cmTryCompileExec1606648355.dir/link.txt --verbose=1
/usr/bin/clang      CMakeFiles/cmTryCompileExec1606648355.dir/feature_tests.c.o  -o cmTryCompileExec1606648355 -rdynamic 
gmake[1]: Leaving directory `/home/z0rg/Projects/persos/ECSess/build/CMakeFiles/CMakeTmp'


    Feature record: C_FEATURE:1c_function_prototypes
    Feature record: C_FEATURE:0c_restrict
    Feature record: C_FEATURE:0c_static_assert
    Feature record: C_FEATURE:0c_variadic_macros
Determining if the CXX compiler works passed with the following output:
Change Dir: /home/z0rg/Projects/persos/ECSess/build/CMakeFiles/CMakeTmp

Run Build Command:"/usr/bin/gmake" "cmTryCompileExec2702369798/fast"
/usr/bin/gmake -f CMakeFiles/cmTryCompileExec2702369798.dir/build.make CMakeFiles/cmTryCompileExec2702369798.dir/build
gmake[1]: Entering directory `/home/z0rg/Projects/persos/ECSess/build/CMakeFiles/CMakeTmp'
/usr/bin/cmake -E cmake_progress_report /home/z0rg/Projects/persos/ECSess/build/CMakeFiles/CMakeTmp/CMakeFiles 1
Building CXX object CMakeFiles/cmTryCompileExec2702369798.dir/testCXXCompiler.cxx.o
/usr/bin/clang++    -DDEBUG_MODE    -o CMakeFiles/cmTryCompileExec2702369798.dir/testCXXCompiler.cxx.o -c /home/z0rg/Projects/persos/ECSess/build/CMakeFiles/CMakeTmp/testCXXCompiler.cxx
Linking CXX executable cmTryCompileExec2702369798
/usr/bin/cmake -E cmake_link_script CMakeFiles/cmTryCompileExec2702369798.dir/link.txt --verbose=1
/usr/bin/clang++   -DDEBUG_MODE    CMakeFiles/cmTryCompileExec2702369798.dir/testCXXCompiler.cxx.o  -o cmTryCompileExec2702369798 -rdynamic 
gmake[1]: Leaving directory `/home/z0rg/Projects/persos/ECSess/build/CMakeFiles/CMakeTmp'


Detecting CXX compiler ABI info compiled with the following output:
Change Dir: /home/z0rg/Projects/persos/ECSess/build/CMakeFiles/CMakeTmp

Run Build Command:"/usr/bin/gmake" "cmTryCompileExec204282149/fast"
/usr/bin/gmake -f CMakeFiles/cmTryCompileExec204282149.dir/build.make CMakeFiles/cmTryCompileExec204282149.dir/build
gmake[1]: Entering directory `/home/z0rg/Projects/persos/ECSess/build/CMakeFiles/CMakeTmp'
/usr/bin/cmake -E cmake_progress_report /home/z0rg/Projects/persos/ECSess/build/CMakeFiles/CMakeTmp/CMakeFiles 1
Building CXX object CMakeFiles/cmTryCompileExec204282149.dir/CMakeCXXCompilerABI.cpp.o
/usr/bin/clang++    -DDEBUG_MODE    -o CMakeFiles/cmTryCompileExec204282149.dir/CMakeCXXCompilerABI.cpp.o -c /usr/share/cmake-3.1/Modules/CMakeCXXCompilerABI.cpp
Linking CXX executable cmTryCompileExec204282149
/usr/bin/cmake -E cmake_link_script CMakeFiles/cmTryCompileExec204282149.dir/link.txt --verbose=1
/usr/bin/clang++   -DDEBUG_MODE   -v CMakeFiles/cmTryCompileExec204282149.dir/CMakeCXXCompilerABI.cpp.o  -o cmTryCompileExec204282149 -rdynamic  
clang version 3.5.1 (tags/RELEASE_351/rc2)
Target: x86_64-unknown-linux-gnu
Thread model: posix
Found candidate GCC installation: /usr/bin/../lib/gcc/x86_64-redhat-linux/4.8.3
Found candidate GCC installation: /usr/lib/gcc/x86_64-redhat-linux/4.8.3
Selected GCC installation: /usr/bin/../lib/gcc/x86_64-redhat-linux/4.8.3
Candidate multilib: .;@m64
Candidate multilib: 32;@m32
Selected multilib: .;@m64
 "/usr/bin/ld" -export-dynamic --hash-style=gnu --no-add-needed --build-id --eh-frame-hdr -m elf_x86_64 -dynamic-linker /lib64/ld-linux-x86-64.so.2 -o cmTryCompileExec204282149 /usr/bin/../lib/gcc/x86_64-redhat-linux/4.8.3/../../../../lib64/crt1.o /usr/bin/../lib/gcc/x86_64-redhat-linux/4.8.3/../../../../lib64/crti.o /usr/bin/../lib/gcc/x86_64-redhat-linux/4.8.3/crtbegin.o -L/usr/bin/../lib/gcc/x86_64-redhat-linux/4.8.3 -L/usr/bin/../lib/gcc/x86_64-redhat-linux/4.8.3/../../../../lib64 -L/usr/bin/../lib64 -L/lib/../lib64 -L/usr/lib/../lib64 -L/usr/bin/../lib/gcc/x86_64-redhat-linux/4.8.3/../../.. -L/usr/bin/../lib -L/lib -L/usr/lib CMakeFiles/cmTryCompileExec204282149.dir/CMakeCXXCompilerABI.cpp.o -lstdc++ -lm -lgcc_s -lgcc -lc -lgcc_s -lgcc /usr/bin/../lib/gcc/x86_64-redhat-linux/4.8.3/crtend.o /usr/bin/../lib/gcc/x86_64-redhat-linux/4.8.3/../../../../lib64/crtn.o
gmake[1]: Leaving directory `/home/z0rg/Projects/persos/ECSess/build/CMakeFiles/CMakeTmp'


Parsed CXX implicit link information from above output:
  link line regex: [^( *|.*[/\])(ld|([^/\]+-)?ld|collect2)[^/\]*( |$)]
  ignore line: [Change Dir: /home/z0rg/Projects/persos/ECSess/build/CMakeFiles/CMakeTmp]
  ignore line: []
  ignore line: [Run Build Command:"/usr/bin/gmake" "cmTryCompileExec204282149/fast"]
  ignore line: [/usr/bin/gmake -f CMakeFiles/cmTryCompileExec204282149.dir/build.make CMakeFiles/cmTryCompileExec204282149.dir/build]
  ignore line: [gmake[1]: Entering directory `/home/z0rg/Projects/persos/ECSess/build/CMakeFiles/CMakeTmp']
  ignore line: [/usr/bin/cmake -E cmake_progress_report /home/z0rg/Projects/persos/ECSess/build/CMakeFiles/CMakeTmp/CMakeFiles 1]
  ignore line: [Building CXX object CMakeFiles/cmTryCompileExec204282149.dir/CMakeCXXCompilerABI.cpp.o]
  ignore line: [/usr/bin/clang++    -DDEBUG_MODE    -o CMakeFiles/cmTryCompileExec204282149.dir/CMakeCXXCompilerABI.cpp.o -c /usr/share/cmake-3.1/Modules/CMakeCXXCompilerABI.cpp]
  ignore line: [Linking CXX executable cmTryCompileExec204282149]
  ignore line: [/usr/bin/cmake -E cmake_link_script CMakeFiles/cmTryCompileExec204282149.dir/link.txt --verbose=1]
  ignore line: [/usr/bin/clang++   -DDEBUG_MODE   -v CMakeFiles/cmTryCompileExec204282149.dir/CMakeCXXCompilerABI.cpp.o  -o cmTryCompileExec204282149 -rdynamic  ]
  ignore line: [clang version 3.5.1 (tags/RELEASE_351/rc2)]
  ignore line: [Target: x86_64-unknown-linux-gnu]
  ignore line: [Thread model: posix]
  ignore line: [Found candidate GCC installation: /usr/bin/../lib/gcc/x86_64-redhat-linux/4.8.3]
  ignore line: [Found candidate GCC installation: /usr/lib/gcc/x86_64-redhat-linux/4.8.3]
  ignore line: [Selected GCC installation: /usr/bin/../lib/gcc/x86_64-redhat-linux/4.8.3]
  ignore line: [Candidate multilib: .]
  ignore line: [@m64]
  ignore line: [Candidate multilib: 32]
  ignore line: [@m32]
  ignore line: [Selected multilib: .]
  ignore line: [@m64]
  link line: [ "/usr/bin/ld" -export-dynamic --hash-style=gnu --no-add-needed --build-id --eh-frame-hdr -m elf_x86_64 -dynamic-linker /lib64/ld-linux-x86-64.so.2 -o cmTryCompileExec204282149 /usr/bin/../lib/gcc/x86_64-redhat-linux/4.8.3/../../../../lib64/crt1.o /usr/bin/../lib/gcc/x86_64-redhat-linux/4.8.3/../../../../lib64/crti.o /usr/bin/../lib/gcc/x86_64-redhat-linux/4.8.3/crtbegin.o -L/usr/bin/../lib/gcc/x86_64-redhat-linux/4.8.3 -L/usr/bin/../lib/gcc/x86_64-redhat-linux/4.8.3/../../../../lib64 -L/usr/bin/../lib64 -L/lib/../lib64 -L/usr/lib/../lib64 -L/usr/bin/../lib/gcc/x86_64-redhat-linux/4.8.3/../../.. -L/usr/bin/../lib -L/lib -L/usr/lib CMakeFiles/cmTryCompileExec204282149.dir/CMakeCXXCompilerABI.cpp.o -lstdc++ -lm -lgcc_s -lgcc -lc -lgcc_s -lgcc /usr/bin/../lib/gcc/x86_64-redhat-linux/4.8.3/crtend.o /usr/bin/../lib/gcc/x86_64-redhat-linux/4.8.3/../../../../lib64/crtn.o]
    arg [/usr/bin/ld] ==> ignore
    arg [-export-dynamic] ==> ignore
    arg [--hash-style=gnu] ==> ignore
    arg [--no-add-needed] ==> ignore
    arg [--build-id] ==> ignore
    arg [--eh-frame-hdr] ==> ignore
    arg [-m] ==> ignore
    arg [elf_x86_64] ==> ignore
    arg [-dynamic-linker] ==> ignore
    arg [/lib64/ld-linux-x86-64.so.2] ==> ignore
    arg [-o] ==> ignore
    arg [cmTryCompileExec204282149] ==> ignore
    arg [/usr/bin/../lib/gcc/x86_64-redhat-linux/4.8.3/../../../../lib64/crt1.o] ==> ignore
    arg [/usr/bin/../lib/gcc/x86_64-redhat-linux/4.8.3/../../../../lib64/crti.o] ==> ignore
    arg [/usr/bin/../lib/gcc/x86_64-redhat-linux/4.8.3/crtbegin.o] ==> ignore
    arg [-L/usr/bin/../lib/gcc/x86_64-redhat-linux/4.8.3] ==> dir [/usr/bin/../lib/gcc/x86_64-redhat-linux/4.8.3]
    arg [-L/usr/bin/../lib/gcc/x86_64-redhat-linux/4.8.3/../../../../lib64] ==> dir [/usr/bin/../lib/gcc/x86_64-redhat-linux/4.8.3/../../../../lib64]
    arg [-L/usr/bin/../lib64] ==> dir [/usr/bin/../lib64]
    arg [-L/lib/../lib64] ==> dir [/lib/../lib64]
    arg [-L/usr/lib/../lib64] ==> dir [/usr/lib/../lib64]
    arg [-L/usr/bin/../lib/gcc/x86_64-redhat-linux/4.8.3/../../..] ==> dir [/usr/bin/../lib/gcc/x86_64-redhat-linux/4.8.3/../../..]
    arg [-L/usr/bin/../lib] ==> dir [/usr/bin/../lib]
    arg [-L/lib] ==> dir [/lib]
    arg [-L/usr/lib] ==> dir [/usr/lib]
    arg [CMakeFiles/cmTryCompileExec204282149.dir/CMakeCXXCompilerABI.cpp.o] ==> ignore
    arg [-lstdc++] ==> lib [stdc++]
    arg [-lm] ==> lib [m]
    arg [-lgcc_s] ==> lib [gcc_s]
    arg [-lgcc] ==> lib [gcc]
    arg [-lc] ==> lib [c]
    arg [-lgcc_s] ==> lib [gcc_s]
    arg [-lgcc] ==> lib [gcc]
    arg [/usr/bin/../lib/gcc/x86_64-redhat-linux/4.8.3/crtend.o] ==> ignore
    arg [/usr/bin/../lib/gcc/x86_64-redhat-linux/4.8.3/../../../../lib64/crtn.o] ==> ignore
  remove lib [gcc_s]
  remove lib [gcc]
  remove lib [gcc_s]
  remove lib [gcc]
  collapse library dir [/usr/bin/../lib/gcc/x86_64-redhat-linux/4.8.3] ==> [/usr/lib/gcc/x86_64-redhat-linux/4.8.3]
  collapse library dir [/usr/bin/../lib/gcc/x86_64-redhat-linux/4.8.3/../../../../lib64] ==> [/usr/lib64]
  collapse library dir [/usr/bin/../lib64] ==> [/usr/lib64]
  collapse library dir [/lib/../lib64] ==> [/lib64]
  collapse library dir [/usr/lib/../lib64] ==> [/usr/lib64]
  collapse library dir [/usr/bin/../lib/gcc/x86_64-redhat-linux/4.8.3/../../..] ==> [/usr/lib]
  collapse library dir [/usr/bin/../lib] ==> [/usr/lib]
  collapse library dir [/lib] ==> [/lib]
  collapse library dir [/usr/lib] ==> [/usr/lib]
  implicit libs: [stdc++;m;c]
  implicit dirs: [/usr/lib/gcc/x86_64-redhat-linux/4.8.3;/usr/lib64;/lib64;/usr/lib;/lib]
  implicit fwks: []




Detecting CXX [-std=c++1y] compiler features compiled with the following output:
Change Dir: /home/z0rg/Projects/persos/ECSess/build/CMakeFiles/CMakeTmp

Run Build Command:"/usr/bin/gmake" "cmTryCompileExec2643497700/fast"
/usr/bin/gmake -f CMakeFiles/cmTryCompileExec2643497700.dir/build.make CMakeFiles/cmTryCompileExec2643497700.dir/build
gmake[1]: Entering directory `/home/z0rg/Projects/persos/ECSess/build/CMakeFiles/CMakeTmp'
/usr/bin/cmake -E cmake_progress_report /home/z0rg/Projects/persos/ECSess/build/CMakeFiles/CMakeTmp/CMakeFiles 1
Building CXX object CMakeFiles/cmTryCompileExec2643497700.dir/feature_tests.cxx.o
/usr/bin/clang++    -DDEBUG_MODE    -std=c++1y -o CMakeFiles/cmTryCompileExec2643497700.dir/feature_tests.cxx.o -c /home/z0rg/Projects/persos/ECSess/build/CMakeFiles/feature_tests.cxx
Linking CXX executable cmTryCompileExec2643497700
/usr/bin/cmake -E cmake_link_script CMakeFiles/cmTryCompileExec2643497700.dir/link.txt --verbose=1
/usr/bin/clang++   -DDEBUG_MODE    CMakeFiles/cmTryCompileExec2643497700.dir/feature_tests.cxx.o  -o cmTryCompileExec2643497700 -rdynamic 
gmake[1]: Leaving directory `/home/z0rg/Projects/persos/ECSess/build/CMakeFiles/CMakeTmp'


    Feature record: CXX_FEATURE:1cxx_aggregate_default_initializers
    Feature record: CXX_FEATURE:1cxx_alias_templates
    Feature record: CXX_FEATURE:1cxx_alignas
    Feature record: CXX_FEATURE:1cxx_alignof
    Feature record: CXX_FEATURE:1cxx_attributes
    Feature record: CXX_FEATURE:1cxx_attribute_deprecated
    Feature record: CXX_FEATURE:1cxx_auto_type
    Feature record: CXX_FEATURE:1cxx_binary_literals
    Feature record: CXX_FEATURE:1cxx_constexpr
    Feature record: CXX_FEATURE:1cxx_contextual_conversions
    Feature record: CXX_FEATURE:1cxx_decltype
    Feature record: CXX_FEATURE:1cxx_decltype_auto
    Feature record: CXX_FEATURE:1cxx_decltype_incomplete_return_types
    Feature record: CXX_FEATURE:1cxx_default_function_template_args
    Feature record: CXX_FEATURE:1cxx_defaulted_functions
    Feature record: CXX_FEATURE:1cxx_defaulted_move_initializers
    Feature record: CXX_FEATURE:1cxx_delegating_constructors
    Feature record: CXX_FEATURE:1cxx_deleted_functions
    Feature record: CXX_FEATURE:1cxx_digit_separators
    Feature record: CXX_FEATURE:1cxx_enum_forward_declarations
    Feature record: CXX_FEATURE:1cxx_explicit_conversions
    Feature record: CXX_FEATURE:1cxx_extended_friend_declarations
    Feature record: CXX_FEATURE:1cxx_extern_templates
    Feature record: CXX_FEATURE:1cxx_final
    Feature record: CXX_FEATURE:1cxx_func_identifier
    Feature record: CXX_FEATURE:1cxx_generalized_initializers
    Feature record: CXX_FEATURE:1cxx_generic_lambdas
    Feature record: CXX_FEATURE:1cxx_inheriting_constructors
    Feature record: CXX_FEATURE:1cxx_inline_namespaces
    Feature record: CXX_FEATURE:1cxx_lambdas
    Feature record: CXX_FEATURE:1cxx_lambda_init_captures
    Feature record: CXX_FEATURE:1cxx_local_type_template_args
    Feature record: CXX_FEATURE:1cxx_long_long_type
    Feature record: CXX_FEATURE:1cxx_noexcept
    Feature record: CXX_FEATURE:1cxx_nonstatic_member_init
    Feature record: CXX_FEATURE:1cxx_nullptr
    Feature record: CXX_FEATURE:1cxx_override
    Feature record: CXX_FEATURE:1cxx_range_for
    Feature record: CXX_FEATURE:1cxx_raw_string_literals
    Feature record: CXX_FEATURE:1cxx_reference_qualified_functions
    Feature record: CXX_FEATURE:1cxx_relaxed_constexpr
    Feature record: CXX_FEATURE:1cxx_return_type_deduction
    Feature record: CXX_FEATURE:1cxx_right_angle_brackets
    Feature record: CXX_FEATURE:1cxx_rvalue_references
    Feature record: CXX_FEATURE:1cxx_sizeof_member
    Feature record: CXX_FEATURE:1cxx_static_assert
    Feature record: CXX_FEATURE:1cxx_strong_enums
    Feature record: CXX_FEATURE:1cxx_template_template_parameters
    Feature record: CXX_FEATURE:1cxx_thread_local
    Feature record: CXX_FEATURE:1cxx_trailing_return_types
    Feature record: CXX_FEATURE:1cxx_unicode_literals
    Feature record: CXX_FEATURE:1cxx_uniform_initialization
    Feature record: CXX_FEATURE:1cxx_unrestricted_unions
    Feature record: CXX_FEATURE:1cxx_user_literals
    Feature record: CXX_FEATURE:1cxx_variable_templates
    Feature record: CXX_FEATURE:1cxx_variadic_macros
    Feature record: CXX_FEATURE:1cxx_variadic_templates


Detecting CXX [-std=c++11] compiler features compiled with the following output:
Change Dir: /home/z0rg/Projects/persos/ECSess/build/CMakeFiles/CMakeTmp

Run Build Command:"/usr/bin/gmake" "cmTryCompileExec2857668624/fast"
/usr/bin/gmake -f CMakeFiles/cmTryCompileExec2857668624.dir/build.make CMakeFiles/cmTryCompileExec2857668624.dir/build
gmake[1]: Entering directory `/home/z0rg/Projects/persos/ECSess/build/CMakeFiles/CMakeTmp'
/usr/bin/cmake -E cmake_progress_report /home/z0rg/Projects/persos/ECSess/build/CMakeFiles/CMakeTmp/CMakeFiles 1
Building CXX object CMakeFiles/cmTryCompileExec2857668624.dir/feature_tests.cxx.o
/usr/bin/clang++    -DDEBUG_MODE    -std=c++11 -o CMakeFiles/cmTryCompileExec2857668624.dir/feature_tests.cxx.o -c /home/z0rg/Projects/persos/ECSess/build/CMakeFiles/feature_tests.cxx
Linking CXX executable cmTryCompileExec2857668624
/usr/bin/cmake -E cmake_link_script CMakeFiles/cmTryCompileExec2857668624.dir/link.txt --verbose=1
/usr/bin/clang++   -DDEBUG_MODE    CMakeFiles/cmTryCompileExec2857668624.dir/feature_tests.cxx.o  -o cmTryCompileExec2857668624 -rdynamic 
gmake[1]: Leaving directory `/home/z0rg/Projects/persos/ECSess/build/CMakeFiles/CMakeTmp'


    Feature record: CXX_FEATURE:0cxx_aggregate_default_initializers
    Feature record: CXX_FEATURE:1cxx_alias_templates
    Feature record: CXX_FEATURE:1cxx_alignas
    Feature record: CXX_FEATURE:1cxx_alignof
    Feature record: CXX_FEATURE:1cxx_attributes
    Feature record: CXX_FEATURE:0cxx_attribute_deprecated
    Feature record: CXX_FEATURE:1cxx_auto_type
    Feature record: CXX_FEATURE:0cxx_binary_literals
    Feature record: CXX_FEATURE:1cxx_constexpr
    Feature record: CXX_FEATURE:0cxx_contextual_conversions
    Feature record: CXX_FEATURE:1cxx_decltype
    Feature record: CXX_FEATURE:0cxx_decltype_auto
    Feature record: CXX_FEATURE:1cxx_decltype_incomplete_return_types
    Feature record: CXX_FEATURE:1cxx_default_function_template_args
    Feature record: CXX_FEATURE:1cxx_defaulted_functions
    Feature record: CXX_FEATURE:1cxx_defaulted_move_initializers
    Feature record: CXX_FEATURE:1cxx_delegating_constructors
    Feature record: CXX_FEATURE:1cxx_deleted_functions
    Feature record: CXX_FEATURE:0cxx_digit_separators
    Feature record: CXX_FEATURE:1cxx_enum_forward_declarations
    Feature record: CXX_FEATURE:1cxx_explicit_conversions
    Feature record: CXX_FEATURE:1cxx_extended_friend_declarations
    Feature record: CXX_FEATURE:1cxx_extern_templates
    Feature record: CXX_FEATURE:1cxx_final
    Feature record: CXX_FEATURE:1cxx_func_identifier
    Feature record: CXX_FEATURE:1cxx_generalized_initializers
    Feature record: CXX_FEATURE:0cxx_generic_lambdas
    Feature record: CXX_FEATURE:1cxx_inheriting_constructors
    Feature record: CXX_FEATURE:1cxx_inline_namespaces
    Feature record: CXX_FEATURE:1cxx_lambdas
    Feature record: CXX_FEATURE:0cxx_lambda_init_captures
    Feature record: CXX_FEATURE:1cxx_local_type_template_args
    Feature record: CXX_FEATURE:1cxx_long_long_type
    Feature record: CXX_FEATURE:1cxx_noexcept
    Feature record: CXX_FEATURE:1cxx_nonstatic_member_init
    Feature record: CXX_FEATURE:1cxx_nullptr
    Feature record: CXX_FEATURE:1cxx_override
    Feature record: CXX_FEATURE:1cxx_range_for
    Feature record: CXX_FEATURE:1cxx_raw_string_literals
    Feature record: CXX_FEATURE:1cxx_reference_qualified_functions
    Feature record: CXX_FEATURE:0cxx_relaxed_constexpr
    Feature record: CXX_FEATURE:0cxx_return_type_deduction
    Feature record: CXX_FEATURE:1cxx_right_angle_brackets
    Feature record: CXX_FEATURE:1cxx_rvalue_references
    Feature record: CXX_FEATURE:1cxx_sizeof_member
    Feature record: CXX_FEATURE:1cxx_static_assert
    Feature record: CXX_FEATURE:1cxx_strong_enums
    Feature record: CXX_FEATURE:1cxx_template_template_parameters
    Feature record: CXX_FEATURE:1cxx_thread_local
    Feature record: CXX_FEATURE:1cxx_trailing_return_types
    Feature record: CXX_FEATURE:1cxx_unicode_literals
    Feature record: CXX_FEATURE:1cxx_uniform_initialization
    Feature record: CXX_FEATURE:1cxx_unrestricted_unions
    Feature record: CXX_FEATURE:1cxx_user_literals
    Feature record: CXX_FEATURE:0cxx_variable_templates
    Feature record: CXX_FEATURE:1cxx_variadic_macros
    Feature record: CXX_FEATURE:1cxx_variadic_templates


Detecting CXX [-std=c++98] compiler features compiled with the following output:
Change Dir: /home/z0rg/Projects/persos/ECSess/build/CMakeFiles/CMakeTmp

Run Build Command:"/usr/bin/gmake" "cmTryCompileExec2764714965/fast"
/usr/bin/gmake -f CMakeFiles/cmTryCompileExec2764714965.dir/build.make CMakeFiles/cmTryCompileExec2764714965.dir/build
gmake[1]: Entering directory `/home/z0rg/Projects/persos/ECSess/build/CMakeFiles/CMakeTmp'
/usr/bin/cmake -E cmake_progress_report /home/z0rg/Projects/persos/ECSess/build/CMakeFiles/CMakeTmp/CMakeFiles 1
Building CXX object CMakeFiles/cmTryCompileExec2764714965.dir/feature_tests.cxx.o
/usr/bin/clang++    -DDEBUG_MODE    -std=c++98 -o CMakeFiles/cmTryCompileExec2764714965.dir/feature_tests.cxx.o -c /home/z0rg/Projects/persos/ECSess/build/CMakeFiles/feature_tests.cxx
Linking CXX executable cmTryCompileExec2764714965
/usr/bin/cmake -E cmake_link_script CMakeFiles/cmTryCompileExec2764714965.dir/link.txt --verbose=1
/usr/bin/clang++   -DDEBUG_MODE    CMakeFiles/cmTryCompileExec2764714965.dir/feature_tests.cxx.o  -o cmTryCompileExec2764714965 -rdynamic 
gmake[1]: Leaving directory `/home/z0rg/Projects/persos/ECSess/build/CMakeFiles/CMakeTmp'


    Feature record: CXX_FEATURE:0cxx_aggregate_default_initializers
    Feature record: CXX_FEATURE:0cxx_alias_templates
    Feature record: CXX_FEATURE:0cxx_alignas
    Feature record: CXX_FEATURE:0cxx_alignof
    Feature record: CXX_FEATURE:0cxx_attributes
    Feature record: CXX_FEATURE:0cxx_attribute_deprecated
    Feature record: CXX_FEATURE:0cxx_auto_type
    Feature record: CXX_FEATURE:0cxx_binary_literals
    Feature record: CXX_FEATURE:0cxx_constexpr
    Feature record: CXX_FEATURE:0cxx_contextual_conversions
    Feature record: CXX_FEATURE:0cxx_decltype
    Feature record: CXX_FEATURE:0cxx_decltype_auto
    Feature record: CXX_FEATURE:0cxx_decltype_incomplete_return_types
    Feature record: CXX_FEATURE:0cxx_default_function_template_args
    Feature record: CXX_FEATURE:0cxx_defaulted_functions
    Feature record: CXX_FEATURE:0cxx_defaulted_move_initializers
    Feature record: CXX_FEATURE:0cxx_delegating_constructors
    Feature record: CXX_FEATURE:0cxx_deleted_functions
    Feature record: CXX_FEATURE:0cxx_digit_separators
    Feature record: CXX_FEATURE:0cxx_enum_forward_declarations
    Feature record: CXX_FEATURE:0cxx_explicit_conversions
    Feature record: CXX_FEATURE:0cxx_extended_friend_declarations
    Feature record: CXX_FEATURE:0cxx_extern_templates
    Feature record: CXX_FEATURE:0cxx_final
    Feature record: CXX_FEATURE:0cxx_func_identifier
    Feature record: CXX_FEATURE:0cxx_generalized_initializers
    Feature record: CXX_FEATURE:0cxx_generic_lambdas
    Feature record: CXX_FEATURE:0cxx_inheriting_constructors
    Feature record: CXX_FEATURE:0cxx_inline_namespaces
    Feature record: CXX_FEATURE:0cxx_lambdas
    Feature record: CXX_FEATURE:0cxx_lambda_init_captures
    Feature record: CXX_FEATURE:0cxx_local_type_template_args
    Feature record: CXX_FEATURE:0cxx_long_long_type
    Feature record: CXX_FEATURE:0cxx_noexcept
    Feature record: CXX_FEATURE:0cxx_nonstatic_member_init
    Feature record: CXX_FEATURE:0cxx_nullptr
    Feature record: CXX_FEATURE:0cxx_override
    Feature record: CXX_FEATURE:0cxx_range_for
    Feature record: CXX_FEATURE:0cxx_raw_string_literals
    Feature record: CXX_FEATURE:0cxx_reference_qualified_functions
    Feature record: CXX_FEATURE:0cxx_relaxed_constexpr
    Feature record: CXX_FEATURE:0cxx_return_type_deduction
    Feature record: CXX_FEATURE:0cxx_right_angle_brackets
    Feature record: CXX_FEATURE:0cxx_rvalue_references
    Feature record: CXX_FEATURE:0cxx_sizeof_member
    Feature record: CXX_FEATURE:0cxx_static_assert
    Feature record: CXX_FEATURE:0cxx_strong_enums
    Feature record: CXX_FEATURE:1cxx_template_template_parameters
    Feature record: CXX_FEATURE:0cxx_thread_local
    Feature record: CXX_FEATURE:0cxx_trailing_return_types
    Feature record: CXX_FEATURE:0cxx_unicode_literals
    Feature record: CXX_FEATURE:0cxx_uniform_initialization
    Feature record: CXX_FEATURE:0cxx_unrestricted_unions
    Feature record: CXX_FEATURE:0cxx_user_literals
    Feature record: CXX_FEATURE:0cxx_variable_templates
    Feature record: CXX_FEATURE:0cxx_variadic_macros
    Feature record: CXX_FEATURE:0cxx_variadic_templates
